<?xml version="1.0" encoding="UTF-8"?>
<testsuite xmlns:xsi="http://www.w3.org/2001/XMLSchema-instance" xsi:noNamespaceSchemaLocation="https://maven.apache.org/surefire/maven-surefire-plugin/xsd/surefire-test-report.xsd" name="com.llc.phy.AppTest" time="0.029" tests="1" errors="0" skipped="0" failures="0">
  <properties>
    <property name="sun.desktop" value="windows"/>
    <property name="awt.toolkit" value="sun.awt.windows.WToolkit"/>
    <property name="file.encoding.pkg" value="sun.io"/>
    <property name="java.specification.version" value="1.8"/>
    <property name="sun.cpu.isalist" value="amd64"/>
    <property name="sun.jnu.encoding" value="GBK"/>
    <property name="java.class.path" value="E:\phy-web\Development\1.0\5-Implement\payment\pay1.4\ssm999\ssmsite999\ssmservice\target\test-classes;E:\phy-web\Development\1.0\5-Implement\payment\pay1.4\ssm999\ssmsite999\ssmservice\target\classes;D:\work\repo\junit\junit\4.11\junit-4.11.jar;D:\work\repo\org\hamcrest\hamcrest-core\1.3\hamcrest-core-1.3.jar;E:\phy-web\Development\1.0\5-Implement\payment\pay1.4\ssm999\ssmsite999\ssmmapper\target\ssmmapper-1.0-SNAPSHOT.jar;D:\work\repo\org\mybatis\mybatis\3.4.5\mybatis-3.4.5.jar;D:\work\repo\org\springframework\spring-context\5.0.7.RELEASE\spring-context-5.0.7.RELEASE.jar;D:\work\repo\org\springframework\spring-aop\5.0.7.RELEASE\spring-aop-5.0.7.RELEASE.jar;D:\work\repo\org\springframework\spring-beans\5.0.7.RELEASE\spring-beans-5.0.7.RELEASE.jar;D:\work\repo\org\springframework\spring-core\5.0.7.RELEASE\spring-core-5.0.7.RELEASE.jar;D:\work\repo\org\springframework\spring-jcl\5.0.7.RELEASE\spring-jcl-5.0.7.RELEASE.jar;D:\work\repo\org\springframework\spring-expression\5.0.7.RELEASE\spring-expression-5.0.7.RELEASE.jar;"/>
    <property name="java.vm.vendor" value="Oracle Corporation"/>
    <property name="sun.arch.data.model" value="64"/>
    <property name="user.variant" value=""/>
    <property name="java.vendor.url" value="http://java.oracle.com/"/>
    <property name="user.timezone" value="Asia/Shanghai"/>
    <property name="java.vm.specification.version" value="1.8"/>
    <property name="os.name" value="Windows 7"/>
    <property name="user.country" value="CN"/>
    <property name="sun.java.launcher" value="SUN_STANDARD"/>
    <property name="sun.boot.library.path" value="D:\AndroidDevTool\jdk1.8.0_31\jre\bin"/>
    <property name="sun.java.command" value="C:\Users\ADMINI~1\AppData\Local\Temp\surefire2298168966544382099\surefirebooter4642919043673324392.jar C:\Users\Administrator\AppData\Local\Temp\surefire2298168966544382099 2018-07-31T18-19-50_123-jvmRun1 surefire5673674641320024796tmp surefire_16292783231795984467tmp"/>
    <property name="surefire.test.class.path" value="E:\phy-web\Development\1.0\5-Implement\payment\pay1.4\ssm999\ssmsite999\ssmservice\target\test-classes;E:\phy-web\Development\1.0\5-Implement\payment\pay1.4\ssm999\ssmsite999\ssmservice\target\classes;D:\work\repo\junit\junit\4.11\junit-4.11.jar;D:\work\repo\org\hamcrest\hamcrest-core\1.3\hamcrest-core-1.3.jar;E:\phy-web\Development\1.0\5-Implement\payment\pay1.4\ssm999\ssmsite999\ssmmapper\target\ssmmapper-1.0-SNAPSHOT.jar;D:\work\repo\org\mybatis\mybatis\3.4.5\mybatis-3.4.5.jar;D:\work\repo\org\springframework\spring-context\5.0.7.RELEASE\spring-context-5.0.7.RELEASE.jar;D:\work\repo\org\springframework\spring-aop\5.0.7.RELEASE\spring-aop-5.0.7.RELEASE.jar;D:\work\repo\org\springframework\spring-beans\5.0.7.RELEASE\spring-beans-5.0.7.RELEASE.jar;D:\work\repo\org\springframework\spring-core\5.0.7.RELEASE\spring-core-5.0.7.RELEASE.jar;D:\work\repo\org\springframework\spring-jcl\5.0.7.RELEASE\spring-jcl-5.0.7.RELEASE.jar;D:\work\repo\org\springframework\spring-expression\5.0.7.RELEASE\spring-expression-5.0.7.RELEASE.jar;"/>
    <property name="sun.cpu.endian" value="little"/>
    <property name="user.home" value="C:\Users\Administrator"/>
    <property name="user.language" value="zh"/>
    <property name="java.specification.vendor" value="Oracle Corporation"/>
    <property name="java.home" value="D:\AndroidDevTool\jdk1.8.0_31\jre"/>
    <property name="basedir" value="E:\phy-web\Development\1.0\5-Implement\payment\pay1.4\ssm999\ssmsite999\ssmservice"/>
    <property name="file.separator" value="\"/>
    <property name="line.separator" value="&#10;"/>
    <property name="java.vm.specification.vendor" value="Oracle Corporation"/>
    <property name="java.specification.name" value="Java Platform API Specification"/>
    <property name="java.awt.graphicsenv" value="sun.awt.Win32GraphicsEnvironment"/>
    <property name="surefire.real.class.path" value="C:\Users\ADMINI~1\AppData\Local\Temp\surefire2298168966544382099\surefirebooter4642919043673324392.jar"/>
    <property name="sun.boot.class.path" value="D:\AndroidDevTool\jdk1.8.0_31\jre\lib\resources.jar;D:\AndroidDevTool\jdk1.8.0_31\jre\lib\rt.jar;D:\AndroidDevTool\jdk1.8.0_31\jre\lib\sunrsasign.jar;D:\AndroidDevTool\jdk1.8.0_31\jre\lib\jsse.jar;D:\AndroidDevTool\jdk1.8.0_31\jre\lib\jce.jar;D:\AndroidDevTool\jdk1.8.0_31\jre\lib\charsets.jar;D:\AndroidDevTool\jdk1.8.0_31\jre\lib\jfr.jar;D:\AndroidDevTool\jdk1.8.0_31\jre\classes"/>
    <property name="user.script" value=""/>
    <property name="sun.management.compiler" value="HotSpot 64-Bit Tiered Compilers"/>
    <property name="java.runtime.version" value="1.8.0_31-b13"/>
    <property name="user.name" value="Administrator"/>
    <property name="path.separator" value=";"/>
    <property name="os.version" value="6.1"/>
    <property name="java.endorsed.dirs" value="D:\AndroidDevTool\jdk1.8.0_31\jre\lib\endorsed"/>
    <property name="java.runtime.name" value="Java(TM) SE Runtime Environment"/>
    <property name="file.encoding" value="GBK"/>
    <property name="java.vm.name" value="Java HotSpot(TM) 64-Bit Server VM"/>
    <property name="localRepository" value="D:\work\repo"/>
    <property name="java.vendor.url.bug" value="http://bugreport.sun.com/bugreport/"/>
    <property name="java.io.tmpdir" value="C:\Users\ADMINI~1\AppData\Local\Temp\"/>
    <property name="idea.version" value="2017.1.2"/>
    <property name="java.version" value="1.8.0_31"/>
    <property name="user.dir" value="E:\phy-web\Development\1.0\5-Implement\payment\pay1.4\ssm999\ssmsite999\ssmservice"/>
    <property name="os.arch" value="amd64"/>
    <property name="java.vm.specification.name" value="Java Virtual Machine Specification"/>
    <property name="java.awt.printerjob" value="sun.awt.windows.WPrinterJob"/>
    <property name="sun.os.patch.level" value="Service Pack 1"/>
    <property name="java.library.path" value="D:\AndroidDevTool\jdk1.8.0_31\jre\bin;C:\Windows\Sun\Java\bin;C:\Windows\system32;C:\Windows;D:\app\Administrator\product\11.2.0\client_1\bin;D:\app\Administrator\product\11.2.0\client_1;D:\AndroidDevTool\jdk1.8.0_31\bin;D:\AndroidDevTool\jdk1.8.0_31\jre\bin;C:\Program Files (x86)\Intel\iCLS Client\;C:\Program Files\Intel\iCLS Client\;C:\Windows\system32;C:\Windows;C:\Windows\System32\Wbem;C:\Windows\System32\WindowsPowerShell\v1.0\;C:\Program Files (x86)\Intel\Intel(R) Management Engine Components\DAL;C:\Program Files\Intel\Intel(R) Management Engine Components\DAL;C:\Program Files (x86)\Intel\Intel(R) Management Engine Components\IPT;C:\Program Files\Intel\Intel(R) Management Engine Components\IPT;C:\Program Files (x86)\Rational\common;C:\Program Files\TortoiseSVN\bin;E:\python\Scripts\;E:\python\;."/>
    <property name="java.vm.info" value="mixed mode"/>
    <property name="java.vendor" value="Oracle Corporation"/>
    <property name="java.vm.version" value="25.31-b07"/>
    <property name="java.ext.dirs" value="D:\AndroidDevTool\jdk1.8.0_31\jre\lib\ext;C:\Windows\Sun\Java\lib\ext"/>
    <property name="sun.io.unicode.encoding" value="UnicodeLittle"/>
    <property name="java.class.version" value="52.0"/>
  </properties>
  <testcase name="shouldAnswerWithTrue" classname="com.llc.phy.AppTest" time="0"/>
</testsuite>